<?xml version="1.0" encoding="UTF-8"?>
<!-- Generated by org.testng.reporters.JUnitXMLReporter -->
<testsuite hostname="INPBF2EB4" ignored="0" name="Test" tests="1" failures="0" timestamp="08 Aug 2019 06:08:38 GMT" time="0.048" errors="0">
  <testcase name="@BeforeTest setData" time="0.0" classname="agile.projecttestcases.Login">
    <failure type="org.testng.TestNGException" message="
Parameter &amp;apos;applicationName&amp;apos; is required by BeforeTest on method setData but has not been marked @Optional or defined
in C:\Users\rarora61\workspace\Agile\testng.xml">
      <![CDATA[org.testng.TestNGException: 
Parameter 'applicationName' is required by BeforeTest on method setData but has not been marked @Optional or defined
in C:\Users\rarora61\workspace\Agile\testng.xml
... Removed 21 stack frames]]>
    </failure>
  </testcase> <!-- @BeforeTest setData -->
  <testcase name="@BeforeClass beforeClass" time="0.0" classname="agile.genericappmethods.AgileProjectmethods">
    <skipped/>
  </testcase> <!-- @BeforeClass beforeClass -->
  <testcase name="@BeforeMethod beforeMethod" time="0.0" classname="agile.genericappmethods.AgileProjectmethods">
    <skipped/>
  </testcase> <!-- @BeforeMethod beforeMethod -->
  <testcase name="@AfterMethod afterMethod" time="0.0" classname="agile.genericappmethods.AgileProjectmethods">
    <skipped/>
  </testcase> <!-- @AfterMethod afterMethod -->
  <testcase name="@AfterTest afterTest" time="0.0" classname="agile.genericappmethods.AgileProjectmethods">
    <skipped/>
  </testcase> <!-- @AfterTest afterTest -->
  <testcase name="logintest" time="0.0" classname="agile.projecttestcases.Login">
    <skipped/>
  </testcase> <!-- logintest -->
</testsuite> <!-- Test -->
